<?xml version="1.0" encoding="UTF-8"?>
<testsuite name="com.mybatis.UserServiceTest" time="10.119" tests="7" errors="0" skipped="5" failures="0">
  <properties>
    <property name="java.runtime.name" value="Java(TM) SE Runtime Environment"/>
    <property name="sun.boot.library.path" value="D:\Java\bin"/>
    <property name="java.vm.version" value="25.101-b13"/>
    <property name="java.vm.vendor" value="Oracle Corporation"/>
    <property name="maven.multiModuleProjectDirectory" value="D:\workspace\DEV-MyBatis"/>
    <property name="java.vendor.url" value="http://java.oracle.com/"/>
    <property name="path.separator" value=";"/>
    <property name="guice.disable.misplaced.annotation.check" value="true"/>
    <property name="java.vm.name" value="Java HotSpot(TM) 64-Bit Server VM"/>
    <property name="file.encoding.pkg" value="sun.io"/>
    <property name="user.script" value=""/>
    <property name="user.country" value="US"/>
    <property name="sun.java.launcher" value="SUN_STANDARD"/>
    <property name="sun.os.patch.level" value="Service Pack 1"/>
    <property name="java.vm.specification.name" value="Java Virtual Machine Specification"/>
    <property name="user.dir" value="D:\workspace\DEV-MyBatis"/>
    <property name="java.runtime.version" value="1.8.0_101-b13"/>
    <property name="java.awt.graphicsenv" value="sun.awt.Win32GraphicsEnvironment"/>
    <property name="java.endorsed.dirs" value="D:\Java\lib\endorsed"/>
    <property name="os.arch" value="amd64"/>
    <property name="java.io.tmpdir" value="C:\Users\Lancelot\AppData\Local\Temp\"/>
    <property name="line.separator" value="&#10;"/>
    <property name="java.vm.specification.vendor" value="Oracle Corporation"/>
    <property name="user.variant" value=""/>
    <property name="os.name" value="Windows 7"/>
    <property name="classworlds.conf" value="D:\workspace\.metadata\.plugins\org.eclipse.m2e.launching\launches\m2conf3350746970324101873.tmp"/>
    <property name="sun.jnu.encoding" value="MS950"/>
    <property name="java.library.path" value="D:\Java\bin;C:\Windows\Sun\Java\bin;C:\Windows\system32;C:\Windows;D:/Java/bin/server;D:/Java/bin;D:/Java/lib/amd64;C:\ProgramData\Oracle\Java\javapath;D:\Python3\Scripts\;D:\Python3\;C:\Program Files (x86)\Intel\iCLS Client\;C:\Program Files\Intel\iCLS Client\;C:\Windows\system32;C:\Windows;C:\Windows\System32\Wbem;C:\Windows\System32\WindowsPowerShell\v1.0\;C:\Program Files\Intel\Intel(R) Management Engine Components\DAL;C:\Program Files (x86)\Intel\Intel(R) Management Engine Components\DAL;C:\Program Files\Intel\Intel(R) Management Engine Components\IPT;C:\Program Files (x86)\Intel\Intel(R) Management Engine Components\IPT;C:\Program Files (x86)\NVIDIA Corporation\PhysX\Common;C:\Program Files\Microsoft\Web Platform Installer\;C:\Program Files (x86)\Microsoft ASP.NET\ASP.NET Web Pages\v1.0\;C:\Program Files\Microsoft SQL Server\110\Tools\Binn\;D:\Cygwin\bin;C:\Program Files (x86)\Skype\Phone\;$HADOOP_HOME\bin;C:\metasploit-framework\bin\;D:\IEDriverServer.exe;%JAVA_HOME%\bin;C:\Program Files\Git\cmd;C:\Users\Lancelot\Documents\spark\bin;D:\OpenJDK\bin;C:\Program Files (x86)\Windows Kits\8.1\Windows Performance Toolkit\;D:\Anaconda3;D:\Anaconda3\Scripts;D:\Anaconda3\Library\bin;;D:\Docker Toolbox;C:\Users\Lancelot\Documents\eclipse;;."/>
    <property name="java.specification.name" value="Java Platform API Specification"/>
    <property name="java.class.version" value="52.0"/>
    <property name="sun.management.compiler" value="HotSpot 64-Bit Tiered Compilers"/>
    <property name="os.version" value="6.1"/>
    <property name="user.home" value="C:\Users\Lancelot"/>
    <property name="user.timezone" value="Asia/Shanghai"/>
    <property name="java.awt.printerjob" value="sun.awt.windows.WPrinterJob"/>
    <property name="java.specification.version" value="1.8"/>
    <property name="file.encoding" value="MS950"/>
    <property name="user.name" value="Lancelot"/>
    <property name="java.class.path" value="/C:/Users/Lancelot/Documents/eclipse/plugins/org.eclipse.m2e.maven.runtime_1.7.0.20160603-1931/jars/plexus-classworlds-2.5.2.jar"/>
    <property name="java.vm.specification.version" value="1.8"/>
    <property name="sun.arch.data.model" value="64"/>
    <property name="java.home" value="D:\Java"/>
    <property name="sun.java.command" value="org.codehaus.plexus.classworlds.launcher.Launcher -B install"/>
    <property name="java.specification.vendor" value="Oracle Corporation"/>
    <property name="user.language" value="en"/>
    <property name="awt.toolkit" value="sun.awt.windows.WToolkit"/>
    <property name="java.vm.info" value="mixed mode"/>
    <property name="java.version" value="1.8.0_101"/>
    <property name="java.ext.dirs" value="D:\Java\lib\ext;C:\Windows\Sun\Java\lib\ext"/>
    <property name="sun.boot.class.path" value="D:\Java\lib\resources.jar;D:\Java\lib\rt.jar;D:\Java\lib\sunrsasign.jar;D:\Java\lib\jsse.jar;D:\Java\lib\jce.jar;D:\Java\lib\charsets.jar;D:\Java\lib\jfr.jar;D:\Java\classes"/>
    <property name="java.vendor" value="Oracle Corporation"/>
    <property name="maven.home" value="D:\workspace\DEV-MyBatis\EMBEDDED"/>
    <property name="file.separator" value="\"/>
    <property name="java.vendor.url.bug" value="http://bugreport.sun.com/bugreport/"/>
    <property name="sun.cpu.endian" value="little"/>
    <property name="sun.io.unicode.encoding" value="UnicodeLittle"/>
    <property name="sun.desktop" value="windows"/>
    <property name="sun.cpu.isalist" value="amd64"/>
  </properties>
  <testcase name="testGetPostsByUser" classname="com.mybatis.UserServiceTest" time="0">
    <skipped/>
    <system-out><![CDATA[2016-11-30 15:39:35,410:INFO main (AbstractTestContextBootstrapper.java:319) - Neither @ContextConfiguration nor @ContextHierarchy found for test class [com.mybatis.UserServiceTest], using SpringBootContextLoader
2016-11-30 15:39:35,411:INFO main (AbstractContextLoader.java:264) - Could not detect default resource locations for test class [com.mybatis.UserServiceTest]: no resource found for suffixes {-context.xml, Context.groovy}.
2016-11-30 15:39:35,413:INFO main (AnnotationConfigContextLoaderUtils.java:81) - Could not detect default configuration classes for test class [com.mybatis.UserServiceTest]: UserServiceTest does not declare any static, non-private, non-final, nested classes annotated with @Configuration.
2016-11-30 15:39:35,417:INFO main (SpringBootTestContextBootstrapper.java:160) - Found @SpringBootConfiguration com.MySpringBootApplication for test class com.mybatis.UserServiceTest
2016-11-30 15:39:35,422:INFO main (AbstractTestContextBootstrapper.java:260) - Loaded default TestExecutionListener class names from location [META-INF/spring.factories]: [org.springframework.boot.test.mock.mockito.MockitoTestExecutionListener, org.springframework.boot.test.mock.mockito.ResetMocksTestExecutionListener, org.springframework.boot.test.autoconfigure.AutoConfigureReportTestExecutionListener, org.springframework.boot.test.autoconfigure.restdocs.RestDocsTestExecutionListener, org.springframework.boot.test.autoconfigure.web.client.MockRestServiceServerResetTestExecutionListener, org.springframework.test.context.web.ServletTestExecutionListener, org.springframework.test.context.support.DirtiesContextBeforeModesTestExecutionListener, org.springframework.test.context.support.DependencyInjectionTestExecutionListener, org.springframework.test.context.support.DirtiesContextTestExecutionListener, org.springframework.test.context.transaction.TransactionalTestExecutionListener, org.springframework.test.context.jdbc.SqlScriptsTestExecutionListener]
2016-11-30 15:39:35,424:INFO main (AbstractTestContextBootstrapper.java:187) - Using TestExecutionListeners: [org.springframework.test.context.web.ServletTestExecutionListener@7e41619d, org.springframework.test.context.support.DirtiesContextBeforeModesTestExecutionListener@49e11ca7, org.springframework.boot.test.autoconfigure.AutoConfigureReportTestExecutionListener@30bb4248, org.springframework.test.context.support.DependencyInjectionTestExecutionListener@65beeceb, org.springframework.test.context.support.DirtiesContextTestExecutionListener@10063448, org.springframework.test.context.transaction.TransactionalTestExecutionListener@51c316cb, org.springframework.test.context.jdbc.SqlScriptsTestExecutionListener@3b00a7b9, org.springframework.boot.test.autoconfigure.restdocs.RestDocsTestExecutionListener@29cbdd86, org.springframework.boot.test.autoconfigure.web.client.MockRestServiceServerResetTestExecutionListener@84e1883, org.springframework.boot.test.mock.mockito.ResetMocksTestExecutionListener@41f2320f, org.springframework.boot.test.mock.mockito.MockitoTestExecutionListener@7f7168e7]
]]></system-out>
  </testcase>
  <testcase name="testGetAllUsers" classname="com.mybatis.UserServiceTest" time="0">
    <skipped/>
  </testcase>
  <testcase name="testUpdateUser" classname="com.mybatis.UserServiceTest" time="0">
    <skipped/>
  </testcase>
  <testcase name="testInsertUsers" classname="com.mybatis.UserServiceTest" time="0">
    <skipped/>
  </testcase>
  <testcase name="testDeleteUser" classname="com.mybatis.UserServiceTest" time="0">
    <skipped/>
  </testcase>
  <testcase name="testGetUserById" classname="com.mybatis.UserServiceTest" time="0.018"/>
  <testcase name="localCacheTest" classname="com.mybatis.UserServiceTest" time="10.101"/>
</testsuite>